ERROR 2020-12-04 01:36:31,147 exception 74 Invalid HTTP_HOST header: '127.0.0.1:8000'. You may need to add '127.0.0.1' to ALLOWED_HOSTS.
WARNING 2020-12-04 01:36:31,283 basehttp 124 "GET / HTTP/1.1" 400 66912
ERROR 2020-12-04 01:36:32,244 exception 74 Invalid HTTP_HOST header: '127.0.0.1:8000'. You may need to add '127.0.0.1' to ALLOWED_HOSTS.
WARNING 2020-12-04 01:36:32,322 basehttp 124 "GET /favicon.ico HTTP/1.1" 400 66825
ERROR 2020-12-04 01:48:02,668 exception 74 Invalid HTTP_HOST header: '127.0.0.1:8000'. You may need to add '127.0.0.1' to ALLOWED_HOSTS.
WARNING 2020-12-04 01:48:02,884 basehttp 124 "GET / HTTP/1.1" 400 66912
ERROR 2020-12-04 01:48:03,942 exception 74 Invalid HTTP_HOST header: '127.0.0.1:8000'. You may need to add '127.0.0.1' to ALLOWED_HOSTS.
WARNING 2020-12-04 01:48:04,032 basehttp 124 "GET /favicon.ico HTTP/1.1" 400 66825
INFO 2020-12-04 01:48:33,259 basehttp 124 "GET /admin HTTP/1.1" 301 0
INFO 2020-12-04 01:48:33,486 basehttp 124 "GET /admin/ HTTP/1.1" 200 4362
INFO 2020-12-04 01:48:33,817 basehttp 124 "GET /static/xadmin/vendor/bootstrap/css/bootstrap.css HTTP/1.1" 200 126432
INFO 2020-12-04 01:48:33,837 basehttp 124 "GET /static/xadmin/css/themes/bootstrap-xadmin.css HTTP/1.1" 200 1888
INFO 2020-12-04 01:48:33,861 basehttp 124 "GET /static/xadmin/vendor/font-awesome/css/font-awesome.css HTTP/1.1" 200 21658
INFO 2020-12-04 01:48:33,895 basehttp 124 "GET /static/xadmin/css/xadmin.main.css HTTP/1.1" 200 8376
INFO 2020-12-04 01:48:33,914 basehttp 124 "GET /static/xadmin/css/xadmin.plugins.css HTTP/1.1" 200 175
INFO 2020-12-04 01:48:33,925 basehttp 124 "GET /static/xadmin/css/xadmin.responsive.css HTTP/1.1" 200 4361
INFO 2020-12-04 01:48:33,948 basehttp 124 "GET /static/xadmin/vendor/jquery-ui/jquery.ui.core.js HTTP/1.1" 200 8195
INFO 2020-12-04 01:48:33,962 basehttp 124 "GET /static/xadmin/vendor/jquery/jquery.js HTTP/1.1" 200 240196
INFO 2020-12-04 01:48:33,994 basehttp 124 "GET /static/xadmin/vendor/jquery-ui/jquery.ui.widget.js HTTP/1.1" 200 15069
INFO 2020-12-04 01:48:33,995 basehttp 124 "GET /admin/jsi18n/ HTTP/1.1" 200 4369
INFO 2020-12-04 01:48:34,017 basehttp 124 "GET /static/xadmin/vendor/jquery-ui/jquery.ui.mouse.js HTTP/1.1" 200 4561
INFO 2020-12-04 01:48:34,060 basehttp 124 "GET /static/xadmin/vendor/jquery-ui/jquery.ui.sortable.js HTTP/1.1" 200 42543
INFO 2020-12-04 01:48:34,089 basehttp 124 "GET /static/xadmin/vendor/bootstrap/js/bootstrap.js HTTP/1.1" 200 58327
INFO 2020-12-04 01:48:34,117 basehttp 124 "GET /static/xadmin/js/xadmin.main.js HTTP/1.1" 200 3401
INFO 2020-12-04 01:48:34,130 basehttp 124 "GET /static/xadmin/js/xadmin.responsive.js HTTP/1.1" 200 4165
INFO 2020-12-04 01:48:34,148 basehttp 124 "GET /static/xadmin/vendor/jquery-ui/jquery.ui.effect.js HTTP/1.1" 200 31918
INFO 2020-12-04 01:48:34,180 basehttp 124 "GET /static/xadmin/js/xadmin.plugin.themes.js HTTP/1.1" 200 3489
INFO 2020-12-04 01:48:34,392 basehttp 124 "GET /static/xadmin/vendor/font-awesome/fonts/fontawesome-webfont.woff?v=4.0.3 HTTP/1.1" 200 44432
WARNING 2020-12-04 01:48:34,452 base 93 Not Found: /favicon.ico
WARNING 2020-12-04 01:48:34,452 basehttp 124 "GET /favicon.ico HTTP/1.1" 404 2211
INFO 2020-12-04 01:48:41,937 basehttp 124 "POST /admin/ HTTP/1.1" 200 4599
INFO 2020-12-04 01:48:41,979 basehttp 124 "GET /admin/jsi18n/ HTTP/1.1" 200 4369
INFO 2020-12-04 01:48:49,964 basehttp 124 "POST /admin/ HTTP/1.1" 302 0
INFO 2020-12-04 01:48:51,941 basehttp 124 "GET /admin/ HTTP/1.1" 200 14762
INFO 2020-12-04 01:48:52,024 basehttp 124 "GET /static/xadmin/css/xadmin.page.dashboard.css HTTP/1.1" 200 790
INFO 2020-12-04 01:48:52,108 basehttp 124 "GET /admin/jsi18n/ HTTP/1.1" 200 7684
INFO 2020-12-04 01:48:52,115 basehttp 124 "GET /static/xadmin/js/xadmin.page.dashboard.js HTTP/1.1" 200 3208
INFO 2020-12-04 01:48:52,135 basehttp 124 "GET /static/xadmin/js/xadmin.plugin.portal.js HTTP/1.1" 200 1000
INFO 2020-12-04 01:48:56,874 basehttp 124 "GET /admin/home/banner/ HTTP/1.1" 200 24290
INFO 2020-12-04 01:48:56,904 basehttp 124 "GET /static/xadmin/css/xadmin.form.css HTTP/1.1" 200 3763
INFO 2020-12-04 01:48:56,934 basehttp 124 "GET /static/xadmin/js/xadmin.plugin.details.js HTTP/1.1" 200 2319
INFO 2020-12-04 01:48:56,936 basehttp 124 "GET /static/xadmin/js/xadmin.plugin.bookmark.js HTTP/1.1" 200 529
INFO 2020-12-04 01:48:56,938 basehttp 124 "GET /static/xadmin/js/xadmin.plugin.filters.js HTTP/1.1" 200 1990
INFO 2020-12-04 01:48:56,947 basehttp 124 "GET /static/xadmin/js/xadmin.page.list.js HTTP/1.1" 200 1105
INFO 2020-12-04 01:48:56,966 basehttp 124 "GET /admin/jsi18n/ HTTP/1.1" 200 7684
INFO 2020-12-04 01:48:56,979 basehttp 124 "GET /static/xadmin/js/xadmin.page.form.js HTTP/1.1" 200 1948
INFO 2020-12-04 01:49:00,085 basehttp 124 "GET /admin/home/banner/add/ HTTP/1.1" 200 19823
INFO 2020-12-04 01:49:00,115 basehttp 124 "GET /static/xadmin/vendor/bootstrap-image-gallery/css/bootstrap-image-gallery.css HTTP/1.1" 200 3339
INFO 2020-12-04 01:49:00,148 basehttp 124 "GET /static/xadmin/vendor/load-image/load-image.js HTTP/1.1" 200 8309
INFO 2020-12-04 01:49:00,167 basehttp 124 "GET /static/xadmin/vendor/bootstrap-image-gallery/js/bootstrap-image-gallery.js HTTP/1.1" 200 15611
INFO 2020-12-04 01:49:00,171 basehttp 124 "GET /admin/jsi18n/ HTTP/1.1" 200 7684
INFO 2020-12-04 01:49:37,985 basehttp 124 "POST /admin/home/banner/add/ HTTP/1.1" 302 0
INFO 2020-12-04 01:49:38,160 basehttp 124 "GET /admin/home/banner/add/ HTTP/1.1" 200 20157
INFO 2020-12-04 01:49:38,219 basehttp 124 "GET /admin/jsi18n/ HTTP/1.1" 200 7684
INFO 2020-12-04 01:49:51,351 basehttp 124 "POST /admin/home/banner/add/ HTTP/1.1" 302 0
INFO 2020-12-04 01:49:51,461 basehttp 124 "GET /admin/home/banner/ HTTP/1.1" 200 28871
INFO 2020-12-04 01:49:51,546 basehttp 124 "GET /admin/jsi18n/ HTTP/1.1" 200 7684
INFO 2020-12-04 01:49:51,548 basehttp 124 "GET /static/xadmin/js/xadmin.plugin.actions.js HTTP/1.1" 200 4198
INFO 2020-12-04 01:50:58,663 basehttp 124 "GET /home/navs/ HTTP/1.1" 200 2
INFO 2020-12-04 01:50:58,685 basehttp 124 "GET /home/banners/ HTTP/1.1" 200 235
INFO 2020-12-04 01:50:58,694 basehttp 124 "GET /home/navss/ HTTP/1.1" 200 2
INFO 2020-12-04 01:50:58,900 basehttp 124 "GET /media/banner/u28284560553033810444fm26gp0.jpg HTTP/1.1" 200 14065
INFO 2020-12-04 01:50:58,936 basehttp 124 "GET /media/banner/u24884969742074311430fm26gp0.jpg HTTP/1.1" 200 23154
INFO 2020-12-04 01:51:42,841 basehttp 124 "GET /admin/home/banner/add/ HTTP/1.1" 200 19823
INFO 2020-12-04 01:51:45,202 basehttp 124 "GET /home/navs/ HTTP/1.1" 200 2
INFO 2020-12-04 01:51:52,244 basehttp 124 "GET /admin/home/banner/add/ HTTP/1.1" 200 19823
INFO 2020-12-04 01:51:55,184 basehttp 124 "GET /admin/home/nav/ HTTP/1.1" 200 24726
INFO 2020-12-04 01:51:55,304 basehttp 124 "GET /admin/jsi18n/ HTTP/1.1" 200 7684
INFO 2020-12-04 01:51:57,102 basehttp 124 "GET /admin/home/nav/add/ HTTP/1.1" 200 19169
INFO 2020-12-04 01:51:57,167 basehttp 124 "GET /static/xadmin/vendor/select2/select2.css HTTP/1.1" 200 19226
INFO 2020-12-04 01:51:57,184 basehttp 124 "GET /static/xadmin/vendor/selectize/selectize.bootstrap3.css HTTP/1.1" 200 10602
INFO 2020-12-04 01:51:57,186 basehttp 124 "GET /static/xadmin/vendor/selectize/selectize.css HTTP/1.1" 200 8425
INFO 2020-12-04 01:51:57,190 basehttp 124 "GET /static/xadmin/vendor/selectize/selectize.js HTTP/1.1" 200 98602
INFO 2020-12-04 01:51:57,235 basehttp 124 "GET /admin/jsi18n/ HTTP/1.1" 200 7684
INFO 2020-12-04 01:51:57,263 basehttp 124 "GET /static/xadmin/vendor/select2/select2.js HTTP/1.1" 200 104906
INFO 2020-12-04 01:51:57,276 basehttp 124 "GET /static/xadmin/vendor/select2/select2_locale_zh-hans.js HTTP/1.1" 200 694
INFO 2020-12-04 01:51:57,285 basehttp 124 "GET /static/xadmin/js/xadmin.widget.select.js HTTP/1.1" 200 1344
INFO 2020-12-04 01:52:08,557 basehttp 124 "POST /admin/home/nav/add/ HTTP/1.1" 302 0
INFO 2020-12-04 01:52:08,814 basehttp 124 "GET /admin/home/nav/add/ HTTP/1.1" 200 19515
INFO 2020-12-04 01:52:08,910 basehttp 124 "GET /admin/jsi18n/ HTTP/1.1" 200 7684
INFO 2020-12-04 01:52:27,347 basehttp 124 "POST /admin/home/nav/add/ HTTP/1.1" 302 0
INFO 2020-12-04 01:52:27,682 basehttp 124 "GET /admin/home/nav/add/ HTTP/1.1" 200 19520
INFO 2020-12-04 01:52:27,795 basehttp 124 "GET /admin/jsi18n/ HTTP/1.1" 200 7684
INFO 2020-12-04 01:52:40,592 basehttp 124 "POST /admin/home/nav/add/ HTTP/1.1" 302 0
INFO 2020-12-04 01:52:40,703 basehttp 124 "GET /admin/home/nav/ HTTP/1.1" 200 29931
INFO 2020-12-04 01:52:40,768 basehttp 124 "GET /admin/jsi18n/ HTTP/1.1" 200 7684
INFO 2020-12-04 01:52:47,780 basehttp 124 "GET /admin/home/nav/add/ HTTP/1.1" 200 19169
INFO 2020-12-04 01:52:47,860 basehttp 124 "GET /admin/jsi18n/ HTTP/1.1" 200 7684
INFO 2020-12-04 01:52:54,679 basehttp 124 "POST /admin/home/nav/add/ HTTP/1.1" 302 0
INFO 2020-12-04 01:52:54,849 basehttp 124 "GET /admin/home/nav/add/ HTTP/1.1" 200 19520
INFO 2020-12-04 01:52:54,906 basehttp 124 "GET /admin/jsi18n/ HTTP/1.1" 200 7684
INFO 2020-12-04 01:53:05,193 basehttp 124 "POST /admin/home/nav/add/ HTTP/1.1" 302 0
INFO 2020-12-04 01:53:05,378 basehttp 124 "GET /admin/home/nav/add/ HTTP/1.1" 200 19511
INFO 2020-12-04 01:53:05,466 basehttp 124 "GET /admin/jsi18n/ HTTP/1.1" 200 7684
INFO 2020-12-04 01:53:26,155 basehttp 124 "POST /admin/home/nav/add/ HTTP/1.1" 302 0
INFO 2020-12-04 01:53:26,376 basehttp 124 "GET /admin/home/nav/add/ HTTP/1.1" 200 19511
INFO 2020-12-04 01:53:26,463 basehttp 124 "GET /admin/jsi18n/ HTTP/1.1" 200 7684
INFO 2020-12-04 01:53:43,032 basehttp 124 "POST /admin/home/nav/add/ HTTP/1.1" 302 0
INFO 2020-12-04 01:53:43,255 basehttp 124 "GET /admin/home/nav/add/ HTTP/1.1" 200 19511
INFO 2020-12-04 01:53:43,355 basehttp 124 "GET /admin/jsi18n/ HTTP/1.1" 200 7684
INFO 2020-12-04 01:53:59,705 basehttp 124 "POST /admin/home/nav/add/ HTTP/1.1" 302 0
INFO 2020-12-04 01:54:00,056 basehttp 124 "GET /admin/home/nav/add/ HTTP/1.1" 200 19511
INFO 2020-12-04 01:54:00,169 basehttp 124 "GET /admin/jsi18n/ HTTP/1.1" 200 7684
INFO 2020-12-04 01:54:06,956 basehttp 124 "GET /admin/home/nav/add/ HTTP/1.1" 200 19169
INFO 2020-12-04 01:54:09,401 basehttp 124 "GET /admin/home/banner/ HTTP/1.1" 200 28585
INFO 2020-12-04 01:54:09,460 basehttp 124 "GET /admin/jsi18n/ HTTP/1.1" 200 7684
INFO 2020-12-04 01:54:10,353 basehttp 124 "GET /admin/home/nav/ HTTP/1.1" 200 32581
INFO 2020-12-04 01:54:10,445 basehttp 124 "GET /admin/jsi18n/ HTTP/1.1" 200 7684
INFO 2020-12-04 01:54:10,979 basehttp 124 "GET /admin/home/nav/ HTTP/1.1" 200 32581
INFO 2020-12-04 01:54:11,057 basehttp 124 "GET /admin/jsi18n/ HTTP/1.1" 200 7684
INFO 2020-12-04 01:54:13,951 basehttp 124 "GET /admin/home/nav/add/ HTTP/1.1" 200 19169
INFO 2020-12-04 01:54:14,025 basehttp 124 "GET /admin/jsi18n/ HTTP/1.1" 200 7684
INFO 2020-12-04 01:54:22,300 basehttp 124 "POST /admin/home/nav/add/ HTTP/1.1" 302 0
INFO 2020-12-04 01:54:22,425 basehttp 124 "GET /admin/home/nav/ HTTP/1.1" 200 33462
INFO 2020-12-04 01:54:22,498 basehttp 124 "GET /admin/jsi18n/ HTTP/1.1" 200 7684
INFO 2020-12-04 01:54:24,332 basehttp 124 "GET /admin/home/nav/9/update/ HTTP/1.1" 200 19495
INFO 2020-12-04 01:54:24,404 basehttp 124 "GET /admin/jsi18n/ HTTP/1.1" 200 7684
INFO 2020-12-04 01:54:28,382 basehttp 124 "POST /admin/home/nav/9/update/ HTTP/1.1" 302 0
INFO 2020-12-04 01:54:28,560 basehttp 124 "GET /admin/home/nav/add/ HTTP/1.1" 200 19452
INFO 2020-12-04 01:54:28,622 basehttp 124 "GET /admin/jsi18n/ HTTP/1.1" 200 7684
INFO 2020-12-04 01:54:43,021 basehttp 124 "POST /admin/home/nav/add/ HTTP/1.1" 302 0
INFO 2020-12-04 01:54:43,252 basehttp 124 "GET /admin/home/nav/add/ HTTP/1.1" 200 19512
INFO 2020-12-04 01:54:43,352 basehttp 124 "GET /admin/jsi18n/ HTTP/1.1" 200 7684
INFO 2020-12-04 01:54:58,122 basehttp 124 "POST /admin/home/nav/add/ HTTP/1.1" 302 0
INFO 2020-12-04 01:54:58,276 basehttp 124 "GET /admin/home/nav/ HTTP/1.1" 200 34646
INFO 2020-12-04 01:54:58,346 basehttp 124 "GET /admin/jsi18n/ HTTP/1.1" 200 7684
INFO 2020-12-04 01:55:01,140 basehttp 124 "GET /home/navs/ HTTP/1.1" 200 303
INFO 2020-12-04 01:55:01,172 basehttp 124 "GET /home/banners/ HTTP/1.1" 200 235
INFO 2020-12-04 01:55:01,200 basehttp 124 "GET /home/navss/ HTTP/1.1" 200 337
INFO 2020-12-04 01:55:01,268 basehttp 124 "GET /media/banner/u28284560553033810444fm26gp0.jpg HTTP/1.1" 304 0
INFO 2020-12-04 01:55:01,293 basehttp 124 "GET /media/banner/u24884969742074311430fm26gp0.jpg HTTP/1.1" 304 0
INFO 2020-12-04 01:57:44,335 basehttp 124 "GET /home/header/ HTTP/1.1" 200 337
INFO 2020-12-04 01:57:44,356 basehttp 124 "GET /home/banners/ HTTP/1.1" 200 235
INFO 2020-12-04 01:57:44,361 basehttp 124 "GET /home/footer/ HTTP/1.1" 200 303
INFO 2020-12-04 01:57:44,574 basehttp 124 "GET /media/banner/u28284560553033810444fm26gp0.jpg HTTP/1.1" 304 0
INFO 2020-12-04 01:57:44,660 basehttp 124 "GET /media/banner/u24884969742074311430fm26gp0.jpg HTTP/1.1" 304 0
